<?xml version="1.0" encoding="UTF-8"?>
<!-- Generated by org.testng.reporters.JUnitXMLReporter -->
<testsuite ignored="12" hostname="HCLLMDU0249" failures="0" tests="13" name="Test" time="142.755" errors="0" timestamp="2024-12-13T14:09:40 IST">
  <testcase classname="Tests.TC_001_SignUp_Test" name="SignUpTestCase001" time="0.568"/>
  <testcase classname="Tests.TC_001_SignupPopUpCheck_TestCase" name="opupcheckTestCase" time="2.16"/>
  <testcase classname="Tests.TC_001_SignUpButtonCheck_TestCase" name="signupbuttonchecktestcase" time="2.044"/>
  <testcase classname="Tests.TC_002_Login_SwitchTest_TestCase" name="switchtestTestCase" time="4.509"/>
  <testcase classname="Tests.TC_002_Login_Test" name="LoginTestCase002" time="0.511"/>
  <testcase classname="Tests.TC_002_LoginButtonCheck_TestCase" name="loginbuttoncheck" time="2.041"/>
  <testcase classname="Tests.TC_003_HeadingsCheckTest" name="headingchecktestcase" time="5.152"/>
  <testcase classname="Tests.TC_003_WelcomeUser_TestCase" name="welcomecheck" time="4.171"/>
  <testcase classname="Tests.TC_004_AddProductToCart_Test" name="addsonylaptocartTestcase" time="7.614"/>
  <testcase classname="Tests.TC_005_InCart_TestCase" name="IncartTC" time="7.19"/>
  <testcase classname="Tests.TC_008_LogOut_TestCase" name="LogOutTestCase" time="5.024"/>
  <testcase classname="Tests.TC_006_DeletingItemFromCart_TestCase" name="deletingitemtestCase" time="20.754"/>
  <testcase classname="Tests.TC_007_PlaceOrder_TestCase" name="PlaceOrderTestCase" time="8.384"/>
  <testcase classname="Base.DemoBlazeSpecs" name="@BeforeSuite fileread" time="0.0">
    <ignored/>
  </testcase> <!-- @BeforeSuite fileread -->
  <testcase classname="Base.DemoBlazeSpecs" name="@BeforeSuite fileread" time="0.0">
    <ignored/>
  </testcase> <!-- @BeforeSuite fileread -->
  <testcase classname="Base.DemoBlazeSpecs" name="@BeforeSuite fileread" time="0.0">
    <ignored/>
  </testcase> <!-- @BeforeSuite fileread -->
  <testcase classname="Base.DemoBlazeSpecs" name="@BeforeSuite fileread" time="0.0">
    <ignored/>
  </testcase> <!-- @BeforeSuite fileread -->
  <testcase classname="Base.DemoBlazeSpecs" name="@BeforeSuite fileread" time="0.0">
    <ignored/>
  </testcase> <!-- @BeforeSuite fileread -->
  <testcase classname="Base.DemoBlazeSpecs" name="@BeforeSuite fileread" time="0.0">
    <ignored/>
  </testcase> <!-- @BeforeSuite fileread -->
  <testcase classname="Base.DemoBlazeSpecs" name="@BeforeSuite fileread" time="0.0">
    <ignored/>
  </testcase> <!-- @BeforeSuite fileread -->
  <testcase classname="Base.DemoBlazeSpecs" name="@BeforeSuite fileread" time="0.0">
    <ignored/>
  </testcase> <!-- @BeforeSuite fileread -->
  <testcase classname="Base.DemoBlazeSpecs" name="@BeforeSuite fileread" time="0.0">
    <ignored/>
  </testcase> <!-- @BeforeSuite fileread -->
  <testcase classname="Base.DemoBlazeSpecs" name="@BeforeSuite fileread" time="0.0">
    <ignored/>
  </testcase> <!-- @BeforeSuite fileread -->
  <testcase classname="Base.DemoBlazeSpecs" name="@BeforeSuite fileread" time="0.0">
    <ignored/>
  </testcase> <!-- @BeforeSuite fileread -->
  <testcase classname="Base.DemoBlazeSpecs" name="@BeforeSuite fileread" time="0.0">
    <ignored/>
  </testcase> <!-- @BeforeSuite fileread -->
</testsuite> <!-- Test -->
