<?xml version="1.0" encoding="UTF-8"?>
<!-- Generated by org.testng.reporters.JUnitXMLReporter -->
<testsuite ignored="5" hostname="HCLLMDU0249" failures="0" tests="6" name="Test" time="60.189" errors="0" timestamp="2024-12-11T10:31:05 IST">
  <testcase classname="Base.DemoBlazeSpecs" name="@AfterMethod DemoBlazeClose" time="0.347">
    <failure type="org.openqa.selenium.NoSuchSessionException" message="invalid session id
Build info: version: &amp;apos;4.27.0&amp;apos;, revision: &amp;apos;d6e718d134&amp;apos;
System info: os.name: &amp;apos;Windows 10&amp;apos;, os.arch: &amp;apos;amd64&amp;apos;, os.version: &amp;apos;10.0&amp;apos;, java.version: &amp;apos;17.0.12&amp;apos;
Driver info: org.openqa.selenium.chrome.ChromeDriver
Command: [d4665338fe5be7132a63e600a3f0e27d, close {}]
Capabilities {acceptInsecureCerts: false, browserName: chrome, browserVersion: 131.0.6778.109, chrome: {chromedriverVersion: 131.0.6778.108 (3b014839fbc..., userDataDir: C:\Users\RALAGU~1\AppData\L...}, fedcm:accounts: true, goog:chromeOptions: {debuggerAddress: localhost:63933}, networkConnectionEnabled: false, pageLoadStrategy: normal, platformName: windows, proxy: Proxy(), se:cdp: ws://localhost:63933/devtoo..., se:cdpVersion: 131.0.6778.109, setWindowRect: true, strictFileInteractability: false, timeouts: {implicit: 0, pageLoad: 300000, script: 30000}, unhandledPromptBehavior: dismiss and notify, webauthn:extension:credBlob: true, webauthn:extension:largeBlob: true, webauthn:extension:minPinLength: true, webauthn:extension:prf: true, webauthn:virtualAuthenticators: true}
Session ID: d4665338fe5be7132a63e600a3f0e27d">
      <![CDATA[org.openqa.selenium.NoSuchSessionException: invalid session id
Build info: version: '4.27.0', revision: 'd6e718d134'
System info: os.name: 'Windows 10', os.arch: 'amd64', os.version: '10.0', java.version: '17.0.12'
Driver info: org.openqa.selenium.chrome.ChromeDriver
Command: [d4665338fe5be7132a63e600a3f0e27d, close {}]
Capabilities {acceptInsecureCerts: false, browserName: chrome, browserVersion: 131.0.6778.109, chrome: {chromedriverVersion: 131.0.6778.108 (3b014839fbc..., userDataDir: C:\Users\RALAGU~1\AppData\L...}, fedcm:accounts: true, goog:chromeOptions: {debuggerAddress: localhost:63933}, networkConnectionEnabled: false, pageLoadStrategy: normal, platformName: windows, proxy: Proxy(), se:cdp: ws://localhost:63933/devtoo..., se:cdpVersion: 131.0.6778.109, setWindowRect: true, strictFileInteractability: false, timeouts: {implicit: 0, pageLoad: 300000, script: 30000}, unhandledPromptBehavior: dismiss and notify, webauthn:extension:credBlob: true, webauthn:extension:largeBlob: true, webauthn:extension:minPinLength: true, webauthn:extension:prf: true, webauthn:virtualAuthenticators: true}
Session ID: d4665338fe5be7132a63e600a3f0e27d
at org.openqa.selenium.remote.ErrorCodec.decode(ErrorCodec.java:167)
at org.openqa.selenium.remote.codec.w3c.W3CHttpResponseCodec.decode(W3CHttpResponseCodec.java:138)
at org.openqa.selenium.remote.codec.w3c.W3CHttpResponseCodec.decode(W3CHttpResponseCodec.java:50)
at org.openqa.selenium.remote.HttpCommandExecutor.execute(HttpCommandExecutor.java:190)
at org.openqa.selenium.remote.service.DriverCommandExecutor.invokeExecute(DriverCommandExecutor.java:216)
at org.openqa.selenium.remote.service.DriverCommandExecutor.execute(DriverCommandExecutor.java:174)
at org.openqa.selenium.remote.RemoteWebDriver.execute(RemoteWebDriver.java:545)
at org.openqa.selenium.remote.RemoteWebDriver.execute(RemoteWebDriver.java:618)
at org.openqa.selenium.remote.RemoteWebDriver.execute(RemoteWebDriver.java:622)
at org.openqa.selenium.remote.RemoteWebDriver.close(RemoteWebDriver.java:418)
at Utilities.UtilitiesDemoBlaze.browserClose(UtilitiesDemoBlaze.java:41)
at Base.DemoBlazeSpecs.DemoBlazeClose(DemoBlazeSpecs.java:18)
at java.base/java.util.ArrayList.forEach(ArrayList.java:1511)
... Removed 37 stack frames]]>
    </failure>
  </testcase> <!-- @AfterMethod DemoBlazeClose -->
  <testcase classname="Tests.TC_002_Login_Test" name="LoginTestCase002" time="1.784"/>
  <testcase classname="Tests.TC_001_SignupPopUpCheck_TestCase" name="opupcheckTestCase" time="2.393"/>
  <testcase classname="Tests.TC_002_LoginButtonCheck_TestCase" name="loginbuttoncheck" time="2.093"/>
  <testcase classname="Tests.TC_001_SignUp_Test" name="SignUpTestCase001" time="2.237"/>
  <testcase classname="Tests.TC_001_SignUpButtonCheck_TestCase" name="signupbuttonchecktestcase" time="2.1"/>
  <testcase classname="Tests.TC_002_Login_SwitchTest_TestCase" name="switchtestTestCase" time="5.002"/>
  <testcase classname="Base.DemoBlazeSpecs" name="@BeforeSuite fileread" time="0.0">
    <ignored/>
  </testcase> <!-- @BeforeSuite fileread -->
  <testcase classname="Base.DemoBlazeSpecs" name="@BeforeSuite fileread" time="0.0">
    <ignored/>
  </testcase> <!-- @BeforeSuite fileread -->
  <testcase classname="Base.DemoBlazeSpecs" name="@BeforeSuite fileread" time="0.0">
    <ignored/>
  </testcase> <!-- @BeforeSuite fileread -->
  <testcase classname="Base.DemoBlazeSpecs" name="@BeforeSuite fileread" time="0.0">
    <ignored/>
  </testcase> <!-- @BeforeSuite fileread -->
  <testcase classname="Base.DemoBlazeSpecs" name="@BeforeSuite fileread" time="0.0">
    <ignored/>
  </testcase> <!-- @BeforeSuite fileread -->
</testsuite> <!-- Test -->
