<?xml version="1.0" encoding="UTF-8"?>
<testng-results ignored="0" total="1" passed="1" failed="0" skipped="0">
  <reporter-output>
  </reporter-output>
  <suite started-at="2024-12-12T19:47:51 IST" name="Default suite" finished-at="2024-12-12T19:48:20 IST" duration-ms="29173">
    <groups>
    </groups>
    <test started-at="2024-12-12T19:47:51 IST" name="Default test" finished-at="2024-12-12T19:48:20 IST" duration-ms="29173">
      <class name="Tests.TC_007_PlaceOrder_TestCase">
        <test-method is-config="true" signature="fileread()[pri:0, instance:Tests.TC_007_PlaceOrder_TestCase@7cc0cdad]" started-at="2024-12-12T19:47:51 IST" name="fileread" finished-at="2024-12-12T19:47:51 IST" duration-ms="38" status="PASS">
          <reporter-output>
          </reporter-output>
        </test-method> <!-- fileread -->
        <test-method is-config="true" signature="DemoBlazeLaunch()[pri:0, instance:Tests.TC_007_PlaceOrder_TestCase@7cc0cdad]" started-at="2024-12-12T19:47:51 IST" name="DemoBlazeLaunch" finished-at="2024-12-12T19:48:06 IST" duration-ms="14472" status="PASS">
          <reporter-output>
          </reporter-output>
        </test-method> <!-- DemoBlazeLaunch -->
        <test-method signature="PlaceOrderTestCase()[pri:5, instance:Tests.TC_007_PlaceOrder_TestCase@7cc0cdad]" started-at="2024-12-12T19:48:06 IST" name="PlaceOrderTestCase" finished-at="2024-12-12T19:48:19 IST" duration-ms="13722" status="PASS">
          <reporter-output>
          </reporter-output>
        </test-method> <!-- PlaceOrderTestCase -->
        <test-method is-config="true" signature="DemoBlazeClose()[pri:0, instance:Tests.TC_007_PlaceOrder_TestCase@7cc0cdad]" started-at="2024-12-12T19:48:19 IST" name="DemoBlazeClose" finished-at="2024-12-12T19:48:20 IST" duration-ms="887" status="PASS">
          <reporter-output>
          </reporter-output>
        </test-method> <!-- DemoBlazeClose -->
      </class> <!-- Tests.TC_007_PlaceOrder_TestCase -->
    </test> <!-- Default test -->
  </suite> <!-- Default suite -->
</testng-results>
